0 info it worked if it ends with ok
1 verbose cli [ '/usr/local/bin/node', '/usr/local/bin/npm', 'run', 'build:w' ]
2 info using npm@3.10.3
3 info using node@v6.7.0
4 verbose run-script [ 'prebuild:w', 'build:w', 'postbuild:w' ]
5 info lifecycle chindow.io@1.0.0~prebuild:w: chindow.io@1.0.0
6 silly lifecycle chindow.io@1.0.0~prebuild:w: no script for prebuild:w, continuing
7 info lifecycle chindow.io@1.0.0~build:w: chindow.io@1.0.0
8 verbose lifecycle chindow.io@1.0.0~build:w: unsafe-perm in lifecycle true
9 verbose lifecycle chindow.io@1.0.0~build:w: PATH: /usr/local/lib/node_modules/npm/bin/node-gyp-bin:/Users/dharness/dev/chindow.io/node_modules/.bin:/usr/local/bin:/usr/local/lib/node_modules/npm/bin/node-gyp-bin:/Users/dharness/dev/chindow.io/node_modules/.bin:/usr/local/bin:/Users/dharness/.rvm/gems/ruby-2.3.3/bin:/Users/dharness/.rvm/gems/ruby-2.3.3@global/bin:/Users/dharness/.rvm/rubies/ruby-2.3.3/bin:/Users/dharness/.yarn/bin:/usr/local/bin:/usr/local/sbin:/Users/dharness/anaconda/bin:/Library/Frameworks/Python.framework/Versions/2.7/bin:/Library/Frameworks/Python.framework/Versions/3.5/bin:/usr/local/bin:/usr/bin:/bin:/usr/sbin:/sbin:/opt/X11/bin:/usr/local/share/dotnet:/usr/local/go/bin:/Library/Frameworks/Mono.framework/Versions/Current/Commands:/Library/TeX/texbin:/usr/local/sbin:/usr/local/go/bin:/usr/local/bin:/usr/bin:/bin:/usr/sbin:/sbin:/Library/Frameworks/Python.framework/Versions/2.7/lib/python2.7/site-packages:/usr/local/go/bin:/Users/dharness/.rvm/bin
10 verbose lifecycle chindow.io@1.0.0~build:w: CWD: /Users/dharness/dev/chindow.io
11 silly lifecycle chindow.io@1.0.0~build:w: Args: [ '-c', 'webpack --progress --watch' ]
12 silly lifecycle chindow.io@1.0.0~build:w: Returned: code: 1  signal: null
13 info lifecycle chindow.io@1.0.0~build:w: Failed to exec build:w script
14 verbose stack Error: chindow.io@1.0.0 build:w: `webpack --progress --watch`
14 verbose stack Exit status 1
14 verbose stack     at EventEmitter.<anonymous> (/usr/local/lib/node_modules/npm/lib/utils/lifecycle.js:242:16)
14 verbose stack     at emitTwo (events.js:106:13)
14 verbose stack     at EventEmitter.emit (events.js:191:7)
14 verbose stack     at ChildProcess.<anonymous> (/usr/local/lib/node_modules/npm/lib/utils/spawn.js:40:14)
14 verbose stack     at emitTwo (events.js:106:13)
14 verbose stack     at ChildProcess.emit (events.js:191:7)
14 verbose stack     at maybeClose (internal/child_process.js:877:16)
14 verbose stack     at Process.ChildProcess._handle.onexit (internal/child_process.js:226:5)
15 verbose pkgid chindow.io@1.0.0
16 verbose cwd /Users/dharness/dev/chindow.io
17 error Darwin 16.5.0
18 error argv "/usr/local/bin/node" "/usr/local/bin/npm" "run" "build:w"
19 error node v6.7.0
20 error npm  v3.10.3
21 error code ELIFECYCLE
22 error chindow.io@1.0.0 build:w: `webpack --progress --watch`
22 error Exit status 1
23 error Failed at the chindow.io@1.0.0 build:w script 'webpack --progress --watch'.
23 error Make sure you have the latest version of node.js and npm installed.
23 error If you do, this is most likely a problem with the chindow.io package,
23 error not with npm itself.
23 error Tell the author that this fails on your system:
23 error     webpack --progress --watch
23 error You can get information on how to open an issue for this project with:
23 error     npm bugs chindow.io
23 error Or if that isn't available, you can get their info via:
23 error     npm owner ls chindow.io
23 error There is likely additional logging output above.
24 verbose exit [ 1, true ]
